<?xml version="1.0" encoding="UTF-8"?>
<!-- Generated by org.testng.reporters.JUnitReportReporter -->
<testsuite hostname="aditya-PC" name="testcase.TestFrameWork" tests="1" failures="0" timestamp="27 Jun 2016 03:42:43 GMT" time="0.439" errors="0">
  <testcase name="testCase" time="0.439" classname="testcase.TestFrameWork"/>
</testsuite> <!-- testcase.TestFrameWork -->
