<?xml version="1.0" encoding="UTF-8"?>
<!-- Generated by org.testng.reporters.JUnitReportReporter -->
<testsuite hostname="aditya-PC" name="testcase.TestWebElement" tests="1" failures="0" timestamp="28 Jun 2016 04:31:34 GMT" time="8.348" errors="0">
  <testcase name="findElement" time="8.348" classname="testcase.TestWebElement"/>
</testsuite> <!-- testcase.TestWebElement -->
