<?xml version="1.0" encoding="UTF-8"?>
<!-- Generated by org.testng.reporters.JUnitReportReporter -->
<testsuite hostname="aditya-PC" name="testcase.TestNg" tests="1" failures="1" timestamp="27 Jun 2016 03:42:50 GMT" time="0.000" errors="0">
  <testcase name="testCase1" time="0.000" classname="testcase.TestNg">
    <failure type="org.openqa.selenium.WebDriverException" message="Failed to connect to binary FirefoxBinary(C:\Program Files\Mozilla Firefox\firefox.exe) on port 7055; process output follows: 
s\e10srollout@mozilla.org.xpi
1466998924489	addons.xpi	DEBUG	Loading bootstrap scope from C:\Program Files\Mozilla Firefox\browser\features\e10srollout@mozilla.org.xpi
1466998924492	addons.xpi	DEBUG	Calling bootstrap method startup on e10srollout@mozilla.org version 1.0
1466998924492	addons.xpi	DEBUG	Registering manifest for C:\Program Files\Mozilla Firefox\browser\features\firefox@getpocket.com.xpi
1466998924492	addons.xpi	DEBUG	Loading bootstrap scope from C:\Program Files\Mozilla Firefox\browser\features\firefox@getpocket.com.xpi
1466998924495	addons.xpi	DEBUG	Calling bootstrap method startup on firefox@getpocket.com version 1.0.2
1466998924503	addons.xpi-utils	DEBUG	Starting async load of XPI database C:\Users\aditya\AppData\Local\Temp\anonymous4359353870945150888webdriver-profile\extensions.json
1466998924504	addons.xpi	DEBUG	Registering manifest for C:\Program Files\Mozilla Firefox\browser\features\loop@mozilla.org.xpi
1466998924504	addons.xpi	DEBUG	Loading bootstrap scope from C:\Program Files\Mozilla Firefox\browser\features\loop@mozilla.org.xpi
1466998924509	addons.xpi	DEBUG	Calling bootstrap method startup on loop@mozilla.org version 1.3.2
1466998924526	addons.manager	DEBUG	Registering shutdown blocker for XPIProvider
1466998924526	addons.manager	DEBUG	Provider finished startup: XPIProvider
1466998924526	addons.manager	DEBUG	Starting provider: LightweightThemeManager
1466998924526	addons.manager	DEBUG	Registering shutdown blocker for LightweightThemeManager
1466998924527	addons.manager	DEBUG	Provider finished startup: LightweightThemeManager
1466998924527	addons.manager	DEBUG	Starting provider: GMPProvider
1466998924535	addons.manager	DEBUG	Registering shutdown blocker for GMPProvider
1466998924535	addons.manager	DEBUG	Provider finished startup: GMPProvider
1466998924535	addons.manager	DEBUG	Starting provider: PluginProvider
1466998924535	addons.manager	DEBUG	Registering shutdown blocker for PluginProvider
1466998924535	addons.manager	DEBUG	Provider finished startup: PluginProvider
1466998924536	addons.manager	DEBUG	Completed startup sequence
1466998924723	addons.xpi-utils	DEBUG	Async JSON file read took 0 MS
1466998924723	addons.xpi-utils	DEBUG	Finished async read of XPI database, parsing...
1466998924725	addons.xpi-utils	DEBUG	Successfully read XPI database
1466998924734	addons.manager	DEBUG	Starting provider: &lt;unnamed-provider&gt;
1466998924734	addons.manager	DEBUG	Registering shutdown blocker for &lt;unnamed-provider&gt;
1466998924734	addons.manager	DEBUG	Provider finished startup: &lt;unnamed-provider&gt;
*** Blocklist::_loadBlocklistFromFile: blocklist is disabled
1466998924835	addons.manager	DEBUG	Starting provider: PreviousExperimentProvider
1466998924835	addons.manager	DEBUG	Registering shutdown blocker for PreviousExperimentProvider
1466998924835	addons.manager	DEBUG	Provider finished startup: PreviousExperimentProvider
1466998929483	addons.xpi	DEBUG	Calling bootstrap method shutdown on firebug@software.joehewitt.com version 2.0.17
1466998929483	addons.xpi	DEBUG	Calling bootstrap method shutdown on e10srollout@mozilla.org version 1.0
1466998929484	addons.xpi	DEBUG	Calling bootstrap method shutdown on firefox@getpocket.com version 1.0.2
1466998929484	addons.xpi	DEBUG	Calling bootstrap method shutdown on loop@mozilla.org version 1.3.2
1466998929730	addons.manager	DEBUG	shutdown
1466998929731	addons.manager	DEBUG	Calling shutdown blocker for XPIProvider
1466998929731	addons.xpi	DEBUG	shutdown
1466998929731	addons.xpi-utils	DEBUG	shutdown
1466998929731	addons.manager	DEBUG	Calling shutdown blocker for LightweightThemeManager
1466998929732	addons.manager	DEBUG	Calling shutdown blocker for GMPProvider
1466998929733	addons.manager	DEBUG	Calling shutdown blocker for PluginProvider
1466998929734	addons.manager	DEBUG	Calling shutdown blocker for &lt;unnamed-provider&gt;
1466998929735	addons.manager	DEBUG	Calling shutdown blocker for PreviousExperimentProvider
1466998929737	addons.xpi	DEBUG	Notifying XPI shutdown observers
1466998929740	addons.manager	DEBUG	Async provider shutdown done

Build info: version: &#039;2.41.0&#039;, revision: &#039;3192d8a&#039;, time: &#039;2014-03-27 17:17:32&#039;
System info: host: &#039;aditya-PC&#039;, ip: &#039;192.168.0.9&#039;, os.name: &#039;Windows 10&#039;, os.arch: &#039;amd64&#039;, os.version: &#039;10.0&#039;, java.version: &#039;1.8.0_91&#039;
Driver info: driver.version: FirefoxDriver">
      <![CDATA[org.openqa.selenium.WebDriverException: Failed to connect to binary FirefoxBinary(C:\Program Files\Mozilla Firefox\firefox.exe) on port 7055; process output follows: 
s\e10srollout@mozilla.org.xpi
1466998924489	addons.xpi	DEBUG	Loading bootstrap scope from C:\Program Files\Mozilla Firefox\browser\features\e10srollout@mozilla.org.xpi
1466998924492	addons.xpi	DEBUG	Calling bootstrap method startup on e10srollout@mozilla.org version 1.0
1466998924492	addons.xpi	DEBUG	Registering manifest for C:\Program Files\Mozilla Firefox\browser\features\firefox@getpocket.com.xpi
1466998924492	addons.xpi	DEBUG	Loading bootstrap scope from C:\Program Files\Mozilla Firefox\browser\features\firefox@getpocket.com.xpi
1466998924495	addons.xpi	DEBUG	Calling bootstrap method startup on firefox@getpocket.com version 1.0.2
1466998924503	addons.xpi-utils	DEBUG	Starting async load of XPI database C:\Users\aditya\AppData\Local\Temp\anonymous4359353870945150888webdriver-profile\extensions.json
1466998924504	addons.xpi	DEBUG	Registering manifest for C:\Program Files\Mozilla Firefox\browser\features\loop@mozilla.org.xpi
1466998924504	addons.xpi	DEBUG	Loading bootstrap scope from C:\Program Files\Mozilla Firefox\browser\features\loop@mozilla.org.xpi
1466998924509	addons.xpi	DEBUG	Calling bootstrap method startup on loop@mozilla.org version 1.3.2
1466998924526	addons.manager	DEBUG	Registering shutdown blocker for XPIProvider
1466998924526	addons.manager	DEBUG	Provider finished startup: XPIProvider
1466998924526	addons.manager	DEBUG	Starting provider: LightweightThemeManager
1466998924526	addons.manager	DEBUG	Registering shutdown blocker for LightweightThemeManager
1466998924527	addons.manager	DEBUG	Provider finished startup: LightweightThemeManager
1466998924527	addons.manager	DEBUG	Starting provider: GMPProvider
1466998924535	addons.manager	DEBUG	Registering shutdown blocker for GMPProvider
1466998924535	addons.manager	DEBUG	Provider finished startup: GMPProvider
1466998924535	addons.manager	DEBUG	Starting provider: PluginProvider
1466998924535	addons.manager	DEBUG	Registering shutdown blocker for PluginProvider
1466998924535	addons.manager	DEBUG	Provider finished startup: PluginProvider
1466998924536	addons.manager	DEBUG	Completed startup sequence
1466998924723	addons.xpi-utils	DEBUG	Async JSON file read took 0 MS
1466998924723	addons.xpi-utils	DEBUG	Finished async read of XPI database, parsing...
1466998924725	addons.xpi-utils	DEBUG	Successfully read XPI database
1466998924734	addons.manager	DEBUG	Starting provider: <unnamed-provider>
1466998924734	addons.manager	DEBUG	Registering shutdown blocker for <unnamed-provider>
1466998924734	addons.manager	DEBUG	Provider finished startup: <unnamed-provider>
*** Blocklist::_loadBlocklistFromFile: blocklist is disabled
1466998924835	addons.manager	DEBUG	Starting provider: PreviousExperimentProvider
1466998924835	addons.manager	DEBUG	Registering shutdown blocker for PreviousExperimentProvider
1466998924835	addons.manager	DEBUG	Provider finished startup: PreviousExperimentProvider
1466998929483	addons.xpi	DEBUG	Calling bootstrap method shutdown on firebug@software.joehewitt.com version 2.0.17
1466998929483	addons.xpi	DEBUG	Calling bootstrap method shutdown on e10srollout@mozilla.org version 1.0
1466998929484	addons.xpi	DEBUG	Calling bootstrap method shutdown on firefox@getpocket.com version 1.0.2
1466998929484	addons.xpi	DEBUG	Calling bootstrap method shutdown on loop@mozilla.org version 1.3.2
1466998929730	addons.manager	DEBUG	shutdown
1466998929731	addons.manager	DEBUG	Calling shutdown blocker for XPIProvider
1466998929731	addons.xpi	DEBUG	shutdown
1466998929731	addons.xpi-utils	DEBUG	shutdown
1466998929731	addons.manager	DEBUG	Calling shutdown blocker for LightweightThemeManager
1466998929732	addons.manager	DEBUG	Calling shutdown blocker for GMPProvider
1466998929733	addons.manager	DEBUG	Calling shutdown blocker for PluginProvider
1466998929734	addons.manager	DEBUG	Calling shutdown blocker for <unnamed-provider>
1466998929735	addons.manager	DEBUG	Calling shutdown blocker for PreviousExperimentProvider
1466998929737	addons.xpi	DEBUG	Notifying XPI shutdown observers
1466998929740	addons.manager	DEBUG	Async provider shutdown done

Build info: version: '2.41.0', revision: '3192d8a', time: '2014-03-27 17:17:32'
System info: host: 'aditya-PC', ip: '192.168.0.9', os.name: 'Windows 10', os.arch: 'amd64', os.version: '10.0', java.version: '1.8.0_91'
Driver info: driver.version: FirefoxDriver
	at org.openqa.selenium.firefox.internal.NewProfileExtensionConnection.start(NewProfileExtensionConnection.java:130)
	at org.openqa.selenium.firefox.FirefoxDriver.startClient(FirefoxDriver.java:246)
	at org.openqa.selenium.remote.RemoteWebDriver.<init>(RemoteWebDriver.java:114)
	at org.openqa.selenium.firefox.FirefoxDriver.<init>(FirefoxDriver.java:193)
	at org.openqa.selenium.firefox.FirefoxDriver.<init>(FirefoxDriver.java:186)
	at org.openqa.selenium.firefox.FirefoxDriver.<init>(FirefoxDriver.java:182)
	at org.openqa.selenium.firefox.FirefoxDriver.<init>(FirefoxDriver.java:99)
	at testcase.TestNg.startWebDriver(TestNg.java:37)
	at sun.reflect.NativeMethodAccessorImpl.invoke0(Native Method)
	at sun.reflect.NativeMethodAccessorImpl.invoke(Unknown Source)
	at sun.reflect.DelegatingMethodAccessorImpl.invoke(Unknown Source)
	at java.lang.reflect.Method.invoke(Unknown Source)
	at org.testng.internal.MethodInvocationHelper.invokeMethod(MethodInvocationHelper.java:80)
	at org.testng.internal.Invoker.invokeConfigurationMethod(Invoker.java:564)
	at org.testng.internal.Invoker.invokeConfigurations(Invoker.java:213)
	at org.testng.internal.Invoker.invokeConfigurations(Invoker.java:138)
	at org.testng.internal.TestMethodWorker.invokeBeforeClassMethods(TestMethodWorker.java:175)
	at org.testng.internal.TestMethodWorker.run(TestMethodWorker.java:107)
	at org.testng.TestRunner.privateRun(TestRunner.java:767)
	at org.testng.TestRunner.run(TestRunner.java:617)
	at org.testng.SuiteRunner.runTest(SuiteRunner.java:334)
	at org.testng.SuiteRunner.runSequentially(SuiteRunner.java:329)
	at org.testng.SuiteRunner.privateRun(SuiteRunner.java:291)
	at org.testng.SuiteRunner.run(SuiteRunner.java:240)
	at org.testng.SuiteRunnerWorker.runSuite(SuiteRunnerWorker.java:52)
	at org.testng.SuiteRunnerWorker.run(SuiteRunnerWorker.java:86)
	at org.testng.TestNG.runSuitesSequentially(TestNG.java:1198)
	at org.testng.TestNG.runSuitesLocally(TestNG.java:1123)
	at org.testng.TestNG.run(TestNG.java:1031)
	at org.testng.remote.AbstractRemoteTestNG.run(AbstractRemoteTestNG.java:126)
	at org.testng.remote.RemoteTestNG.initAndRun(RemoteTestNG.java:137)
	at org.testng.remote.RemoteTestNG.main(RemoteTestNG.java:58)
Caused by: org.openqa.selenium.firefox.NotConnectedException: Unable to connect to host 127.0.0.1 on port 7055 after 45000 ms. Firefox console output:
s\e10srollout@mozilla.org.xpi
1466998924489	addons.xpi	DEBUG	Loading bootstrap scope from C:\Program Files\Mozilla Firefox\browser\features\e10srollout@mozilla.org.xpi
1466998924492	addons.xpi	DEBUG	Calling bootstrap method startup on e10srollout@mozilla.org version 1.0
1466998924492	addons.xpi	DEBUG	Registering manifest for C:\Program Files\Mozilla Firefox\browser\features\firefox@getpocket.com.xpi
1466998924492	addons.xpi	DEBUG	Loading bootstrap scope from C:\Program Files\Mozilla Firefox\browser\features\firefox@getpocket.com.xpi
1466998924495	addons.xpi	DEBUG	Calling bootstrap method startup on firefox@getpocket.com version 1.0.2
1466998924503	addons.xpi-utils	DEBUG	Starting async load of XPI database C:\Users\aditya\AppData\Local\Temp\anonymous4359353870945150888webdriver-profile\extensions.json
1466998924504	addons.xpi	DEBUG	Registering manifest for C:\Program Files\Mozilla Firefox\browser\features\loop@mozilla.org.xpi
1466998924504	addons.xpi	DEBUG	Loading bootstrap scope from C:\Program Files\Mozilla Firefox\browser\features\loop@mozilla.org.xpi
1466998924509	addons.xpi	DEBUG	Calling bootstrap method startup on loop@mozilla.org version 1.3.2
1466998924526	addons.manager	DEBUG	Registering shutdown blocker for XPIProvider
1466998924526	addons.manager	DEBUG	Provider finished startup: XPIProvider
1466998924526	addons.manager	DEBUG	Starting provider: LightweightThemeManager
1466998924526	addons.manager	DEBUG	Registering shutdown blocker for LightweightThemeManager
1466998924527	addons.manager	DEBUG	Provider finished startup: LightweightThemeManager
1466998924527	addons.manager	DEBUG	Starting provider: GMPProvider
1466998924535	addons.manager	DEBUG	Registering shutdown blocker for GMPProvider
1466998924535	addons.manager	DEBUG	Provider finished startup: GMPProvider
1466998924535	addons.manager	DEBUG	Starting provider: PluginProvider
1466998924535	addons.manager	DEBUG	Registering shutdown blocker for PluginProvider
1466998924535	addons.manager	DEBUG	Provider finished startup: PluginProvider
1466998924536	addons.manager	DEBUG	Completed startup sequence
1466998924723	addons.xpi-utils	DEBUG	Async JSON file read took 0 MS
1466998924723	addons.xpi-utils	DEBUG	Finished async read of XPI database, parsing...
1466998924725	addons.xpi-utils	DEBUG	Successfully read XPI database
1466998924734	addons.manager	DEBUG	Starting provider: <unnamed-provider>
1466998924734	addons.manager	DEBUG	Registering shutdown blocker for <unnamed-provider>
1466998924734	addons.manager	DEBUG	Provider finished startup: <unnamed-provider>
*** Blocklist::_loadBlocklistFromFile: blocklist is disabled
1466998924835	addons.manager	DEBUG	Starting provider: PreviousExperimentProvider
1466998924835	addons.manager	DEBUG	Registering shutdown blocker for PreviousExperimentProvider
1466998924835	addons.manager	DEBUG	Provider finished startup: PreviousExperimentProvider
1466998929483	addons.xpi	DEBUG	Calling bootstrap method shutdown on firebug@software.joehewitt.com version 2.0.17
1466998929483	addons.xpi	DEBUG	Calling bootstrap method shutdown on e10srollout@mozilla.org version 1.0
1466998929484	addons.xpi	DEBUG	Calling bootstrap method shutdown on firefox@getpocket.com version 1.0.2
1466998929484	addons.xpi	DEBUG	Calling bootstrap method shutdown on loop@mozilla.org version 1.3.2
1466998929730	addons.manager	DEBUG	shutdown
1466998929731	addons.manager	DEBUG	Calling shutdown blocker for XPIProvider
1466998929731	addons.xpi	DEBUG	shutdown
1466998929731	addons.xpi-utils	DEBUG	shutdown
1466998929731	addons.manager	DEBUG	Calling shutdown blocker for LightweightThemeManager
1466998929732	addons.manager	DEBUG	Calling shutdown blocker for GMPProvider
1466998929733	addons.manager	DEBUG	Calling shutdown blocker for PluginProvider
1466998929734	addons.manager	DEBUG	Calling shutdown blocker for <unnamed-provider>
1466998929735	addons.manager	DEBUG	Calling shutdown blocker for PreviousExperimentProvider
1466998929737	addons.xpi	DEBUG	Notifying XPI shutdown observers
1466998929740	addons.manager	DEBUG	Async provider shutdown done

	at org.openqa.selenium.firefox.internal.NewProfileExtensionConnection.start(NewProfileExtensionConnection.java:118)
	... 31 more
]]>
    </failure>
  </testcase> <!-- testCase1 -->
</testsuite> <!-- testcase.TestNg -->
